<?xml version="1.0" encoding="UTF-8"?>
<!-- Generated by org.testng.reporters.JUnitXMLReporter -->
<testsuite ignored="0" hostname="GeethaArunPC" failures="0" tests="16" name="myTest" time="112.163" errors="0" timestamp="2025-06-09T23:13:18 IST">
  <testcase classname="testScripts.LoginTest" name="loginWithInvalidPassword" time="2.312"/>
  <testcase classname="testScripts.LoginTest" name="loginWithInvalidUserNameAndPassword" time="0.638"/>
  <testcase classname="testScripts.LoginTest" name="loginWithInvalidUserNameAndPassword" time="0.696"/>
  <testcase classname="testScripts.LoginTest" name="loginWithInvalidUsername" time="0.662"/>
  <testcase classname="testScripts.LoginTest" name="loginWithValidCredentials" time="0.906"/>
  <testcase classname="testScripts.CategoryTest" name="verifyAddNewCategoryWithValidDetails" time="2.714"/>
  <testcase classname="testScripts.CategoryTest" name="verifySearchCategoryWithValidKeyword" time="2.038"/>
  <testcase classname="testScripts.CategoryTest" name="verifyResetSearchFunctionality" time="2.542"/>
  <testcase classname="testScripts.CategoryTest" name="verifyEditCategoryWithValidDetails" time="2.869"/>
  <testcase classname="testScripts.CategoryTest" name="verifyChangeCategoryStatusSuccessfully" time="1.542"/>
  <testcase classname="testScripts.CategoryTest" name="verifyDeleteCategoryItemSuccessfully" time="1.951"/>
  <testcase classname="testScripts.ManageContactTest" name="verifyEditContactWithValidDetails" time="3.436"/>
  <testcase classname="testScripts.ManageContactTest" name="verifyResetEditContactFormFunctionality" time="1.58"/>
  <testcase classname="testScripts.ManageNewsTest" name="verifyEnteringNewsInformation" time="2.118"/>
  <testcase classname="testScripts.ManageNewsTest" name="verifyUpdatingNewsInformation" time="2.377"/>
  <testcase classname="testScripts.ManageNewsTest" name="verifyNewsDeletionFunctionality" time="1.587"/>
</testsuite> <!-- myTest -->
