<?xml version="1.0" encoding="UTF-8"?>
<!-- Generated by org.testng.reporters.JUnitXMLReporter -->
<testsuite ignored="0" hostname="GeethaArunPC" failures="0" tests="16" name="myTest" time="123.397" errors="0" timestamp="2025-06-09T19:56:00 IST">
  <testcase classname="testScripts.LoginTest" name="loginWithInvalidPassword" time="0.887"/>
  <testcase classname="testScripts.LoginTest" name="loginWithInvalidUserNameAndPassword" time="0.555"/>
  <testcase classname="testScripts.LoginTest" name="loginWithInvalidUserNameAndPassword" time="0.506"/>
  <testcase classname="testScripts.LoginTest" name="loginWithInvalidUsername" time="0.534"/>
  <testcase classname="testScripts.LoginTest" name="loginWithValidCredentials" time="2.223"/>
  <testcase classname="testScripts.CategoryTest" name="verifyAddNewCategoryWithValidDetails" time="2.755"/>
  <testcase classname="testScripts.CategoryTest" name="verifySearchCategoryWithValidKeyword" time="2.047"/>
  <testcase classname="testScripts.CategoryTest" name="verifyResetSearchFunctionality" time="2.116"/>
  <testcase classname="testScripts.CategoryTest" name="verifyEditCategoryWithValidDetails" time="2.104"/>
  <testcase classname="testScripts.CategoryTest" name="verifyChangeCategoryStatusSuccessfully" time="1.367"/>
  <testcase classname="testScripts.CategoryTest" name="verifyDeleteCategoryItemSuccessfully" time="1.664"/>
  <testcase classname="testScripts.ManageContactTest" name="verifyEditContactWithValidDetails" time="3.129"/>
  <testcase classname="testScripts.ManageContactTest" name="verifyResetEditContactFormFunctionality" time="1.55"/>
  <testcase classname="testScripts.ManageNewsTest" name="verifyEnteringNewsInformation" time="1.951"/>
  <testcase classname="testScripts.ManageNewsTest" name="verifyUpdatingNewsInformation" time="2.191"/>
  <testcase classname="testScripts.ManageNewsTest" name="verifyNewsDeletionFunctionality" time="1.537"/>
</testsuite> <!-- myTest -->
