<?xml version="1.0" encoding="UTF-8"?>
<!-- Generated by org.testng.reporters.JUnitXMLReporter -->
<testsuite ignored="0" hostname="DESKTOP-7ML21CR" failures="0" tests="5" name="chromeTest" time="29.367" errors="0" timestamp="2025-06-03T23:10:18 IST">
  <testcase classname="testScripts.LoginTest" name="loginWithInvalidPassword" time="0.699"/>
  <testcase classname="testScripts.LoginTest" name="loginWithInvalidUserNameAndPassword" time="0.691"/>
  <testcase classname="testScripts.LoginTest" name="loginWithInvalidUserNameAndPassword" time="0.673"/>
  <testcase classname="testScripts.LoginTest" name="loginWithInvalidUsername" time="0.771"/>
  <testcase classname="testScripts.LoginTest" name="loginWithValidCredentials" time="2.108"/>
</testsuite> <!-- chromeTest -->
