<?xml version="1.0" encoding="UTF-8"?>
<!-- Generated by org.testng.reporters.JUnitXMLReporter -->
<testsuite ignored="0" hostname="DESKTOP-7ML21CR" failures="0" tests="6" name="EdgeTest" time="71.337" errors="0" timestamp="2025-06-03T23:11:29 IST">
  <testcase classname="testScripts.CategoryTest" name="verifyAddNewCategoryWithValidDetails" time="4.763"/>
  <testcase classname="testScripts.CategoryTest" name="verifySearchCategoryWithValidKeyword" time="2.765"/>
  <testcase classname="testScripts.CategoryTest" name="verifyResetSearchFunctionality" time="2.542"/>
  <testcase classname="testScripts.CategoryTest" name="verifyEditCategoryWithValidDetails" time="2.624"/>
  <testcase classname="testScripts.CategoryTest" name="verifyChangeCategoryStatusSuccessfully" time="2.963"/>
  <testcase classname="testScripts.CategoryTest" name="verifyDeleteCategoryItemSuccessfully" time="2.313"/>
</testsuite> <!-- EdgeTest -->
