<?xml version="1.0" encoding="UTF-8"?>
<!-- Generated by org.testng.reporters.JUnitXMLReporter -->
<testsuite ignored="0" hostname="DESKTOP-7ML21CR" failures="0" tests="5" name="myTest1" time="44.331" errors="0" timestamp="2025-06-03T23:08:49 IST">
  <testcase classname="testScripts.LoginTest" name="loginWithInvalidPassword" time="0.926"/>
  <testcase classname="testScripts.LoginTest" name="loginWithInvalidUserNameAndPassword" time="0.792"/>
  <testcase classname="testScripts.LoginTest" name="loginWithInvalidUserNameAndPassword" time="0.663"/>
  <testcase classname="testScripts.LoginTest" name="loginWithInvalidUsername" time="1.022"/>
  <testcase classname="testScripts.LoginTest" name="loginWithValidCredentials" time="2.196"/>
</testsuite> <!-- myTest1 -->
