<?xml version="1.0" encoding="UTF-8"?>
<!-- Generated by org.testng.reporters.JUnitXMLReporter -->
<testsuite ignored="0" hostname="DESKTOP-7ML21CR" failures="0" tests="6" name="myTest2" time="62.512" errors="0" timestamp="2025-06-03T23:09:07 IST">
  <testcase classname="testScripts.CategoryTest" name="verifyAddNewCategoryWithValidDetails" time="6.609"/>
  <testcase classname="testScripts.CategoryTest" name="verifySearchCategoryWithValidKeyword" time="3.331"/>
  <testcase classname="testScripts.CategoryTest" name="verifyResetSearchFunctionality" time="4.752"/>
  <testcase classname="testScripts.CategoryTest" name="verifyEditCategoryWithValidDetails" time="3.455"/>
  <testcase classname="testScripts.CategoryTest" name="verifyChangeCategoryStatusSuccessfully" time="1.981"/>
  <testcase classname="testScripts.CategoryTest" name="verifyDeleteCategoryItemSuccessfully" time="1.656"/>
</testsuite> <!-- myTest2 -->
