<?xml version="1.0" encoding="UTF-8"?>
<!-- Generated by org.testng.reporters.JUnitXMLReporter -->
<testsuite ignored="3" hostname="DESKTOP-7ML21CR" failures="0" tests="3" name="myTest" time="41.089" errors="0" timestamp="2025-06-03T07:08:03 IST">
  <testcase classname="testScripts.CategoryTest" name="verifySearchCategoryWithValidKeyword" time="4.319"/>
  <testcase classname="testScripts.CategoryTest" name="verifyResetSearchFunctionality" time="2.502"/>
  <testcase classname="testScripts.CategoryTest" name="verifyChangeCategoryStatusSuccessfully" time="2.05"/>
  <testcase classname="testScripts.CategoryTest" name="verifyEditCategoryWithValidDetails" time="0.0">
    <ignored/>
  </testcase> <!-- verifyEditCategoryWithValidDetails -->
  <testcase classname="testScripts.CategoryTest" name="verifyDeleteCategoryItemSuccessfully" time="0.0">
    <ignored/>
  </testcase> <!-- verifyDeleteCategoryItemSuccessfully -->
  <testcase classname="testScripts.CategoryTest" name="verifyAddNewCategoryWithValidDetails" time="0.0">
    <ignored/>
  </testcase> <!-- verifyAddNewCategoryWithValidDetails -->
</testsuite> <!-- myTest -->
