<?xml version="1.0" encoding="UTF-8"?>
<testng-results ignored="0" total="6" passed="6" failed="0" skipped="0">
  <reporter-output>
  </reporter-output>
  <suite started-at="2025-06-03T23:30:03 IST" name="myTestSuite" finished-at="2025-06-03T23:30:52 IST" duration-ms="48662">
    <groups>
      <group name="smoke">
        <method signature="CategoryTest.verifyAddNewCategoryWithValidDetails()[pri:1, instance:testScripts.CategoryTest@5db6b9cd]" name="verifyAddNewCategoryWithValidDetails" class="testScripts.CategoryTest"/>
        <method signature="CategoryTest.verifyEditCategoryWithValidDetails()[pri:4, instance:testScripts.CategoryTest@5db6b9cd]" name="verifyEditCategoryWithValidDetails" class="testScripts.CategoryTest"/>
        <method signature="CategoryTest.verifyDeleteCategoryItemSuccessfully()[pri:6, instance:testScripts.CategoryTest@5db6b9cd]" name="verifyDeleteCategoryItemSuccessfully" class="testScripts.CategoryTest"/>
      </group> <!-- smoke -->
    </groups>
    <test started-at="2025-06-03T23:30:03 IST" name="myTest" finished-at="2025-06-03T23:30:52 IST" duration-ms="48662">
      <class name="testScripts.CategoryTest">
        <test-method is-config="true" signature="initialiseBrowser(java.lang.String)[pri:0, instance:testScripts.CategoryTest@5db6b9cd]" started-at="2025-06-03T23:30:03 IST" name="initialiseBrowser" finished-at="2025-06-03T23:30:11 IST" duration-ms="7124" status="PASS">
          <params>
            <param index="0">
              <value>
                <![CDATA[Chrome]]>
              </value>
            </param>
          </params>
          <reporter-output>
          </reporter-output>
        </test-method> <!-- initialiseBrowser -->
        <test-method signature="verifyAddNewCategoryWithValidDetails()[pri:1, instance:testScripts.CategoryTest@5db6b9cd]" started-at="2025-06-03T23:30:11 IST" name="verifyAddNewCategoryWithValidDetails" finished-at="2025-06-03T23:30:16 IST" duration-ms="4925" status="PASS">
          <reporter-output>
          </reporter-output>
        </test-method> <!-- verifyAddNewCategoryWithValidDetails -->
        <test-method is-config="true" signature="driverQuit(org.testng.ITestResult)[pri:0, instance:testScripts.CategoryTest@5db6b9cd]" started-at="2025-06-03T23:30:16 IST" name="driverQuit" finished-at="2025-06-03T23:30:16 IST" duration-ms="441" status="PASS">
          <params>
            <param index="0">
              <value>
                <![CDATA[[TestResult name=verifyAddNewCategoryWithValidDetails status=SUCCESS method=CategoryTest.verifyAddNewCategoryWithValidDetails()[pri:1, instance:testScripts.CategoryTest@5db6b9cd] output={null}]]]>
              </value>
            </param>
          </params>
          <reporter-output>
          </reporter-output>
        </test-method> <!-- driverQuit -->
        <test-method is-config="true" signature="initialiseBrowser(java.lang.String)[pri:0, instance:testScripts.CategoryTest@5db6b9cd]" started-at="2025-06-03T23:30:16 IST" name="initialiseBrowser" finished-at="2025-06-03T23:30:21 IST" duration-ms="5449" status="PASS">
          <params>
            <param index="0">
              <value>
                <![CDATA[Chrome]]>
              </value>
            </param>
          </params>
          <reporter-output>
          </reporter-output>
        </test-method> <!-- initialiseBrowser -->
        <test-method signature="verifySearchCategoryWithValidKeyword()[pri:2, instance:testScripts.CategoryTest@5db6b9cd]" started-at="2025-06-03T23:30:21 IST" name="verifySearchCategoryWithValidKeyword" finished-at="2025-06-03T23:30:24 IST" duration-ms="2071" status="PASS">
          <reporter-output>
          </reporter-output>
        </test-method> <!-- verifySearchCategoryWithValidKeyword -->
        <test-method is-config="true" signature="driverQuit(org.testng.ITestResult)[pri:0, instance:testScripts.CategoryTest@5db6b9cd]" started-at="2025-06-03T23:30:24 IST" name="driverQuit" finished-at="2025-06-03T23:30:24 IST" duration-ms="234" status="PASS">
          <params>
            <param index="0">
              <value>
                <![CDATA[[TestResult name=verifySearchCategoryWithValidKeyword status=SUCCESS method=CategoryTest.verifySearchCategoryWithValidKeyword()[pri:2, instance:testScripts.CategoryTest@5db6b9cd] output={null}]]]>
              </value>
            </param>
          </params>
          <reporter-output>
          </reporter-output>
        </test-method> <!-- driverQuit -->
        <test-method is-config="true" signature="initialiseBrowser(java.lang.String)[pri:0, instance:testScripts.CategoryTest@5db6b9cd]" started-at="2025-06-03T23:30:24 IST" name="initialiseBrowser" finished-at="2025-06-03T23:30:29 IST" duration-ms="5270" status="PASS">
          <params>
            <param index="0">
              <value>
                <![CDATA[Chrome]]>
              </value>
            </param>
          </params>
          <reporter-output>
          </reporter-output>
        </test-method> <!-- initialiseBrowser -->
        <test-method signature="verifyResetSearchFunctionality()[pri:3, instance:testScripts.CategoryTest@5db6b9cd]" started-at="2025-06-03T23:30:29 IST" name="verifyResetSearchFunctionality" finished-at="2025-06-03T23:30:32 IST" duration-ms="3000" status="PASS">
          <reporter-output>
          </reporter-output>
        </test-method> <!-- verifyResetSearchFunctionality -->
        <test-method is-config="true" signature="driverQuit(org.testng.ITestResult)[pri:0, instance:testScripts.CategoryTest@5db6b9cd]" started-at="2025-06-03T23:30:32 IST" name="driverQuit" finished-at="2025-06-03T23:30:32 IST" duration-ms="245" status="PASS">
          <params>
            <param index="0">
              <value>
                <![CDATA[[TestResult name=verifyResetSearchFunctionality status=SUCCESS method=CategoryTest.verifyResetSearchFunctionality()[pri:3, instance:testScripts.CategoryTest@5db6b9cd] output={null}]]]>
              </value>
            </param>
          </params>
          <reporter-output>
          </reporter-output>
        </test-method> <!-- driverQuit -->
        <test-method is-config="true" signature="initialiseBrowser(java.lang.String)[pri:0, instance:testScripts.CategoryTest@5db6b9cd]" started-at="2025-06-03T23:30:32 IST" name="initialiseBrowser" finished-at="2025-06-03T23:30:37 IST" duration-ms="4525" status="PASS">
          <params>
            <param index="0">
              <value>
                <![CDATA[Chrome]]>
              </value>
            </param>
          </params>
          <reporter-output>
          </reporter-output>
        </test-method> <!-- initialiseBrowser -->
        <test-method signature="verifyEditCategoryWithValidDetails()[pri:4, instance:testScripts.CategoryTest@5db6b9cd]" started-at="2025-06-03T23:30:37 IST" name="verifyEditCategoryWithValidDetails" finished-at="2025-06-03T23:30:39 IST" duration-ms="2642" status="PASS">
          <reporter-output>
          </reporter-output>
        </test-method> <!-- verifyEditCategoryWithValidDetails -->
        <test-method is-config="true" signature="driverQuit(org.testng.ITestResult)[pri:0, instance:testScripts.CategoryTest@5db6b9cd]" started-at="2025-06-03T23:30:39 IST" name="driverQuit" finished-at="2025-06-03T23:30:40 IST" duration-ms="247" status="PASS">
          <params>
            <param index="0">
              <value>
                <![CDATA[[TestResult name=verifyEditCategoryWithValidDetails status=SUCCESS method=CategoryTest.verifyEditCategoryWithValidDetails()[pri:4, instance:testScripts.CategoryTest@5db6b9cd] output={null}]]]>
              </value>
            </param>
          </params>
          <reporter-output>
          </reporter-output>
        </test-method> <!-- driverQuit -->
        <test-method is-config="true" signature="initialiseBrowser(java.lang.String)[pri:0, instance:testScripts.CategoryTest@5db6b9cd]" started-at="2025-06-03T23:30:40 IST" name="initialiseBrowser" finished-at="2025-06-03T23:30:44 IST" duration-ms="3941" status="PASS">
          <params>
            <param index="0">
              <value>
                <![CDATA[Chrome]]>
              </value>
            </param>
          </params>
          <reporter-output>
          </reporter-output>
        </test-method> <!-- initialiseBrowser -->
        <test-method signature="verifyChangeCategoryStatusSuccessfully()[pri:5, instance:testScripts.CategoryTest@5db6b9cd]" started-at="2025-06-03T23:30:44 IST" name="verifyChangeCategoryStatusSuccessfully" finished-at="2025-06-03T23:30:45 IST" duration-ms="1599" status="PASS">
          <reporter-output>
          </reporter-output>
        </test-method> <!-- verifyChangeCategoryStatusSuccessfully -->
        <test-method is-config="true" signature="driverQuit(org.testng.ITestResult)[pri:0, instance:testScripts.CategoryTest@5db6b9cd]" started-at="2025-06-03T23:30:45 IST" name="driverQuit" finished-at="2025-06-03T23:30:45 IST" duration-ms="242" status="PASS">
          <params>
            <param index="0">
              <value>
                <![CDATA[[TestResult name=verifyChangeCategoryStatusSuccessfully status=SUCCESS method=CategoryTest.verifyChangeCategoryStatusSuccessfully()[pri:5, instance:testScripts.CategoryTest@5db6b9cd] output={null}]]]>
              </value>
            </param>
          </params>
          <reporter-output>
          </reporter-output>
        </test-method> <!-- driverQuit -->
        <test-method is-config="true" signature="initialiseBrowser(java.lang.String)[pri:0, instance:testScripts.CategoryTest@5db6b9cd]" started-at="2025-06-03T23:30:45 IST" name="initialiseBrowser" finished-at="2025-06-03T23:30:50 IST" duration-ms="4685" status="PASS">
          <params>
            <param index="0">
              <value>
                <![CDATA[Chrome]]>
              </value>
            </param>
          </params>
          <reporter-output>
          </reporter-output>
        </test-method> <!-- initialiseBrowser -->
        <test-method signature="verifyDeleteCategoryItemSuccessfully()[pri:6, instance:testScripts.CategoryTest@5db6b9cd]" started-at="2025-06-03T23:30:50 IST" name="verifyDeleteCategoryItemSuccessfully" finished-at="2025-06-03T23:30:52 IST" duration-ms="1649" status="PASS">
          <reporter-output>
          </reporter-output>
        </test-method> <!-- verifyDeleteCategoryItemSuccessfully -->
        <test-method is-config="true" signature="driverQuit(org.testng.ITestResult)[pri:0, instance:testScripts.CategoryTest@5db6b9cd]" started-at="2025-06-03T23:30:52 IST" name="driverQuit" finished-at="2025-06-03T23:30:52 IST" duration-ms="245" status="PASS">
          <params>
            <param index="0">
              <value>
                <![CDATA[[TestResult name=verifyDeleteCategoryItemSuccessfully status=SUCCESS method=CategoryTest.verifyDeleteCategoryItemSuccessfully()[pri:6, instance:testScripts.CategoryTest@5db6b9cd] output={null}]]]>
              </value>
            </param>
          </params>
          <reporter-output>
          </reporter-output>
        </test-method> <!-- driverQuit -->
      </class> <!-- testScripts.CategoryTest -->
    </test> <!-- myTest -->
  </suite> <!-- myTestSuite -->
</testng-results>
