<?xml version="1.0" encoding="UTF-8"?>
<!-- Generated by org.testng.reporters.JUnitXMLReporter -->
<testsuite ignored="3" hostname="DESKTOP-7ML21CR" failures="3" tests="3" name="myTest" time="1.602" errors="0" timestamp="2025-05-27T20:53:07 IST">
  <testcase classname="testScripts.CategoryTest" name="verifyAddNewCategoryWithValidDetails" time="1.248">
    <failure type="java.lang.NullPointerException" message="Cannot invoke &amp;quot;org.openqa.selenium.SearchContext.findElement(org.openqa.selenium.By)&amp;quot; because &amp;quot;this.searchContext&amp;quot; is null">
      <![CDATA[java.lang.NullPointerException: Cannot invoke "org.openqa.selenium.SearchContext.findElement(org.openqa.selenium.By)" because "this.searchContext" is null
at org.openqa.selenium.support.pagefactory.DefaultElementLocator.findElement(DefaultElementLocator.java:68)
at org.openqa.selenium.support.pagefactory.internal.LocatingElementHandler.invoke(LocatingElementHandler.java:38)
at jdk.proxy2/jdk.proxy2.$Proxy12.sendKeys(Unknown Source)
at pages.LoginPage.loginByUsingExcelData(LoginPage.java:60)
at testScripts.CategoryTest.verifyAddNewCategoryWithValidDetails(CategoryTest.java:23)
at java.base/java.util.ArrayList.forEach(ArrayList.java:1604)
... Removed 25 stack frames]]>
    </failure>
  </testcase> <!-- verifyAddNewCategoryWithValidDetails -->
  <testcase classname="testScripts.CategoryTest" name="verifyEditCategoryWithValidDetails" time="0.117">
    <failure type="java.lang.NullPointerException" message="Cannot invoke &amp;quot;org.openqa.selenium.SearchContext.findElement(org.openqa.selenium.By)&amp;quot; because &amp;quot;this.searchContext&amp;quot; is null">
      <![CDATA[java.lang.NullPointerException: Cannot invoke "org.openqa.selenium.SearchContext.findElement(org.openqa.selenium.By)" because "this.searchContext" is null
at org.openqa.selenium.support.pagefactory.DefaultElementLocator.findElement(DefaultElementLocator.java:68)
at org.openqa.selenium.support.pagefactory.internal.LocatingElementHandler.invoke(LocatingElementHandler.java:38)
at jdk.proxy2/jdk.proxy2.$Proxy12.sendKeys(Unknown Source)
at pages.LoginPage.loginByUsingExcelData(LoginPage.java:60)
at testScripts.CategoryTest.verifyEditCategoryWithValidDetails(CategoryTest.java:73)
at java.base/java.util.ArrayList.forEach(ArrayList.java:1604)
... Removed 25 stack frames]]>
    </failure>
  </testcase> <!-- verifyEditCategoryWithValidDetails -->
  <testcase classname="testScripts.CategoryTest" name="verifyDeleteCategoryItemSuccessfully" time="0.103">
    <failure type="java.lang.NullPointerException" message="Cannot invoke &amp;quot;org.openqa.selenium.SearchContext.findElement(org.openqa.selenium.By)&amp;quot; because &amp;quot;this.searchContext&amp;quot; is null">
      <![CDATA[java.lang.NullPointerException: Cannot invoke "org.openqa.selenium.SearchContext.findElement(org.openqa.selenium.By)" because "this.searchContext" is null
at org.openqa.selenium.support.pagefactory.DefaultElementLocator.findElement(DefaultElementLocator.java:68)
at org.openqa.selenium.support.pagefactory.internal.LocatingElementHandler.invoke(LocatingElementHandler.java:38)
at jdk.proxy2/jdk.proxy2.$Proxy12.sendKeys(Unknown Source)
at pages.LoginPage.loginByUsingExcelData(LoginPage.java:60)
at testScripts.CategoryTest.verifyDeleteCategoryItemSuccessfully(CategoryTest.java:99)
at java.base/java.util.ArrayList.forEach(ArrayList.java:1604)
... Removed 25 stack frames]]>
    </failure>
  </testcase> <!-- verifyDeleteCategoryItemSuccessfully -->
  <testcase classname="testScripts.CategoryTest" name="verifyResetSearchFunctionality" time="0.0">
    <ignored/>
  </testcase> <!-- verifyResetSearchFunctionality -->
  <testcase classname="testScripts.CategoryTest" name="verifyChangeCategoryStatusSuccessfully" time="0.0">
    <ignored/>
  </testcase> <!-- verifyChangeCategoryStatusSuccessfully -->
  <testcase classname="testScripts.CategoryTest" name="verifySearchCategoryWithValidKeyword" time="0.0">
    <ignored/>
  </testcase> <!-- verifySearchCategoryWithValidKeyword -->
</testsuite> <!-- myTest -->
